Arguments: 
  /usr/bin/node /usr/bin/yarn add bourbon-neat

PATH: 
  /home/protectedplanet/.rvm/gems/ruby-2.4.1/bin:/home/protectedplanet/.rvm/gems/ruby-2.4.1@global/bin:/home/protectedplanet/.rvm/rubies/ruby-2.4.1/bin:/home/protectedplanet/.rvm/bin:/usr/local/sbin:/usr/local/bin:/usr/sbin:/usr/bin:/sbin:/bin:/opt/bin

Yarn version: 
  1.15.2

Node version: 
  10.8.0

Platform: 
  linux x64

Trace: 
  SyntaxError: /ProtectedPlanet/package.json: Unexpected token } in JSON at position 49
      at JSON.parse (<anonymous>)
      at /usr/lib64/node_modules/yarn/lib/cli.js:1625:59
      at Generator.next (<anonymous>)
      at step (/usr/lib64/node_modules/yarn/lib/cli.js:304:30)
      at /usr/lib64/node_modules/yarn/lib/cli.js:315:13

npm manifest: 
  {
    "dependencies": {
      "bourbon": "^5.1.0",
    }
  }

yarn manifest: 
  No manifest

Lockfile: 
  # THIS IS AN AUTOGENERATED FILE. DO NOT EDIT THIS FILE DIRECTLY.
  # yarn lockfile v1
  
  
  amdefine@>=0.0.4:
    version "1.0.1"
    resolved "https://registry.yarnpkg.com/amdefine/-/amdefine-1.0.1.tgz#4a5282ac164729e93619bcfd3ad151f817ce91f5"
    integrity sha1-SlKCrBZHKek2Gbz9OtFR+BfOkfU=
  
  "argparse@~ 0.1.11":
    version "0.1.16"
    resolved "https://registry.yarnpkg.com/argparse/-/argparse-0.1.16.tgz#cfd01e0fbba3d6caed049fbd758d40f65196f57c"
    integrity sha1-z9AeD7uj1srtBJ+9dY1A9lGW9Xw=
    dependencies:
      underscore "~1.7.0"
      underscore.string "~2.4.0"
  
  async@~0.2.6:
    version "0.2.10"
    resolved "https://registry.yarnpkg.com/async/-/async-0.2.10.tgz#b6bbe0b0674b9d719708ca38de8c237cb526c3d1"
    integrity sha1-trvgsGdLnXGXCMo43owjfLUmw9E=
  
  balanced-match@^1.0.0:
    version "1.0.0"
    resolved "https://registry.yarnpkg.com/balanced-match/-/balanced-match-1.0.0.tgz#89b4d199ab2bee49de164ea02b89ce462d71b767"
    integrity sha1-ibTRmasr7kneFk6gK4nORi1xt2c=
  
  bourbon@^5.1.0:
    version "5.1.0"
    resolved "https://registry.yarnpkg.com/bourbon/-/bourbon-5.1.0.tgz#84fa10de4c4e837602d8c2ec716d74bcb8915bad"
    integrity sha512-rO4rwNAVNuzPmnL+DruxAe7DR2YFFo4nHsgDVRd9URMgDxtHmVBUnvFLXPan6teVe7jkybCyxcnR+CKClotj3g==
  
  brace-expansion@^1.1.7:
    version "1.1.11"
    resolved "https://registry.yarnpkg.com/brace-expansion/-/brace-expansion-1.1.11.tgz#3c7fcbf529d87226f3d2f52b966ff5271eb441dd"
    integrity sha512-iCuPHDFgrHX7H2vEI/5xpz07zSHB00TpugqhmYtVmMO6518mCuRMoOYFldEBl0g187ufozdaHgWKcYFb61qGiA==
    dependencies:
      balanced-match "^1.0.0"
      concat-map "0.0.1"
  
  "coffee-script@>= 1.1.3", coffee-script@>=1.0.1, coffee-script@>=1.6.0:
    version "1.12.7"
    resolved "https://registry.yarnpkg.com/coffee-script/-/coffee-script-1.12.7.tgz#c05dae0cb79591d05b3070a8433a98c9a89ccc53"
    integrity sha512-fLeEhqwymYat/MpTPUjSKHVYYl0ec2mOyALEMLmzr5i1isuG+6jfI2j2d5oBO3VIzgUXgBVIcOT9uH1TFxBckw==
  
  coffee-script@~1.6.2:
    version "1.6.3"
    resolved "https://registry.yarnpkg.com/coffee-script/-/coffee-script-1.6.3.tgz#6355d32cf1b04cdff6b484e5e711782b2f0c39be"
    integrity sha1-Y1XTLPGwTN/2tITl5xF4Ky8MOb4=
  
  coffeelint@~0.5.4:
    version "0.5.7"
    resolved "https://registry.yarnpkg.com/coffeelint/-/coffeelint-0.5.7.tgz#3d125cdde995d641cbd840b0ac536c5cdf6f68db"
    integrity sha1-PRJc3emV1kHL2ECwrFNsXN9vaNs=
    dependencies:
      coffee-script ">=1.6.0"
      glob ">=3.1.9"
      optimist ">=0.2.8"
  
  "colors@~0.6.0-1 ":
    version "0.6.2"
    resolved "https://registry.yarnpkg.com/colors/-/colors-0.6.2.tgz#2423fe6678ac0c5dae8852e5d0e5be08c997abcc"
    integrity sha1-JCP+ZnisDF2uiFLl0OW+CMmXq8w=
  
  commander@~1.1.1:
    version "1.1.1"
    resolved "https://registry.yarnpkg.com/commander/-/commander-1.1.1.tgz#50d1651868ae60eccff0a2d9f34595376bc6b041"
    integrity sha1-UNFlGGiuYOzP8KLZ80WVN2vGsEE=
    dependencies:
      keypress "0.1.x"
  
  concat-map@0.0.1:
    version "0.0.1"
    resolved "https://registry.yarnpkg.com/concat-map/-/concat-map-0.0.1.tgz#d8a96bd77fd68df7793a73036a3ba0d5405d477b"
    integrity sha1-2Klr13/Wjfd5OnMDajug1UBdR3s=
  
  cssom@0.2.x:
    version "0.2.5"
    resolved "https://registry.yarnpkg.com/cssom/-/cssom-0.2.5.tgz#2682709b5902e7212df529116ff788cd5b254894"
    integrity sha1-JoJwm1kC5yEt9SkRb/eIzVslSJQ=
  
  debug@*:
    version "4.1.1"
    resolved "https://registry.yarnpkg.com/debug/-/debug-4.1.1.tgz#3b72260255109c6b589cee050f1d516139664791"
    integrity sha512-pYAIzeRo8J6KPEaJ0VWOh5Pzkbw/RetuzehGM7QRRX5he4fPHx2rdKMB256ehJCkX+XRQm16eZLqLNS8RSZXZw==
    dependencies:
      ms "^2.1.1"
  
  "docco@git://github.com/abe33/docco.git#feature-exports":
    version "0.3.1"
    resolved "git://github.com/abe33/docco.git#199cbc8addca9500287938182e986958f4126f36"
  
  "esprima@~ 1.0.2":
    version "1.0.4"
    resolved "https://registry.yarnpkg.com/esprima/-/esprima-1.0.4.tgz#9f557e08fc3b4d26ece9dd34f8fbf476b62585ad"
    integrity sha1-n1V+CPw7TSbs6d00+Pv0drYlha0=
  
  fileset@~0.1.5:
    version "0.1.8"
    resolved "https://registry.yarnpkg.com/fileset/-/fileset-0.1.8.tgz#506b91a9396eaa7e32fb42a84077c7a0c736b741"
    integrity sha1-UGuRqTluqn4y+0KoQHfHoMc2t0E=
    dependencies:
      glob "3.x"
      minimatch "0.x"
  
  fs.realpath@^1.0.0:
    version "1.0.0"
    resolved "https://registry.yarnpkg.com/fs.realpath/-/fs.realpath-1.0.0.tgz#1504ad2523158caa40db4a2787cb01411994ea4f"
    integrity sha1-FQStJSMVjKpA20onh8sBQRmU6k8=
  
  gaze@~0.3.2:
    version "0.3.4"
    resolved "https://registry.yarnpkg.com/gaze/-/gaze-0.3.4.tgz#5f94bdda0afe53bc710969bcd6f282548d60c279"
    integrity sha1-X5S92gr+U7xxCWm81vKCVI1gwnk=
    dependencies:
      fileset "~0.1.5"
      minimatch "~0.2.9"
  
  glob@3.x, glob@~3.2.1:
    version "3.2.11"
    resolved "https://registry.yarnpkg.com/glob/-/glob-3.2.11.tgz#4a973f635b9190f715d10987d5c00fd2815ebe3d"
    integrity sha1-Spc/Y1uRkPcV0QmH1cAP0oFevj0=
    dependencies:
      inherits "2"
      minimatch "0.3"
  
  glob@>=3.1.9:
    version "7.1.3"
    resolved "https://registry.yarnpkg.com/glob/-/glob-7.1.3.tgz#3960832d3f1574108342dafd3a67b332c0969df1"
    integrity sha512-vcfuiIxogLV4DlGBHIUOwI0IbrJ8HWPc4MU7HzviGeNho/UJDfi6B5p3sHeWIQ0KGIU0Jpxi5ZHxemQfLkkAwQ==
    dependencies:
      fs.realpath "^1.0.0"
      inflight "^1.0.4"
      inherits "2"
      minimatch "^3.0.4"
      once "^1.3.0"
      path-is-absolute "^1.0.0"
  
  growly@~1.1.1:
    version "1.1.1"
    resolved "https://registry.yarnpkg.com/growly/-/growly-1.1.1.tgz#eb434a0e56f0241d82864cbfd4112c70911242fa"
    integrity sha1-60NKDlbwJB2Chky/1BEscJESQvo=
  
  haml-coffee@~1.11.1:
    version "1.11.4"
    resolved "https://registry.yarnpkg.com/haml-coffee/-/haml-coffee-1.11.4.tgz#807313babd169f67d67589a6e3fc92fb1b7eff5f"
    integrity sha1-gHMTur0Wn2fWdYmm4/yS+xt+/18=
    dependencies:
      coffee-script ">= 1.1.3"
      optimist "~0.5.2"
      walkdir "~0.0.7"
  
  "highlight.js@git://github.com/abe33/highlight.js.git#node_build":
    version "7.2.0"
    resolved "git://github.com/abe33/highlight.js.git#8abb167e3d4aa687c04dde55658658ef2e8f48af"
  
  inflight@^1.0.4:
    version "1.0.6"
    resolved "https://registry.yarnpkg.com/inflight/-/inflight-1.0.6.tgz#49bd6331d7d02d0c09bc910a1075ba8165b56df9"
    integrity sha1-Sb1jMdfQLQwJvJEKEHW6gWW1bfk=
    dependencies:
      once "^1.3.0"
      wrappy "1"
  
  inherits@2:
    version "2.0.3"
    resolved "https://registry.yarnpkg.com/inherits/-/inherits-2.0.3.tgz#633c2c83e3da42a502f52466022480f4208261de"
    integrity sha1-Yzwsg+PaQqUC9SRmAiSA9CCCYd4=
  
  "jasmine-node@git://github.com/abe33/jasmine-node.git#feature_multiple_paths_args":
    version "1.4.0"
    resolved "git://github.com/abe33/jasmine-node.git#d29d337278a819e1014aece77a3c6924440da03a"
    dependencies:
      coffee-script ">=1.0.1"
      gaze "~0.3.2"
      jasmine-reporters ">=0.2.0"
      requirejs ">=0.27.1"
      underscore ">= 1.3.1"
      walkdir ">= 0.0.1"
  
  jasmine-reporters@>=0.2.0:
    version "2.3.2"
    resolved "https://registry.yarnpkg.com/jasmine-reporters/-/jasmine-reporters-2.3.2.tgz#898818ffc234eb8b3f635d693de4586f95548d43"
    integrity sha512-u/7AT9SkuZsUfFBLLzbErohTGNsEUCKaQbsVYnLFW1gEuL2DzmBL4n8v90uZsqIqlWvWUgian8J6yOt5Fyk/+A==
    dependencies:
      mkdirp "^0.5.1"
      xmldom "^0.1.22"
  
  js-yaml@2.0.5:
    version "2.0.5"
    resolved "https://registry.yarnpkg.com/js-yaml/-/js-yaml-2.0.5.tgz#a25ae6509999e97df278c6719da11bd0687743a8"
    integrity sha1-olrmUJmZ6X3yeMZxnaEb0Gh3Q6g=
    dependencies:
      argparse "~ 0.1.11"
      esprima "~ 1.0.2"
  
  keypress@0.1.x:
    version "0.1.0"
    resolved "https://registry.yarnpkg.com/keypress/-/keypress-0.1.0.tgz#4a3188d4291b66b4f65edb99f806aa9ae293592a"
    integrity sha1-SjGI1CkbZrT2XtuZ+AaqmuKTWSo=
  
  lru-cache@2:
    version "2.7.3"
    resolved "https://registry.yarnpkg.com/lru-cache/-/lru-cache-2.7.3.tgz#6d4524e8b955f95d4f5b58851ce21dd72fb4e952"
    integrity sha1-bUUk6LlV+V1PW1iFHOId1y+06VI=
  
  marked@~0.2.8:
    version "0.2.10"
    resolved "https://registry.yarnpkg.com/marked/-/marked-0.2.10.tgz#d5fd68271caae61c55d291d07bd5034cff5e73ee"
    integrity sha1-1f1oJxyq5hxV0pHQe9UDTP9ec+4=
  
  minimatch@0.3:
    version "0.3.0"
    resolved "https://registry.yarnpkg.com/minimatch/-/minimatch-0.3.0.tgz#275d8edaac4f1bb3326472089e7949c8394699dd"
    integrity sha1-J12O2qxPG7MyZHIInnlJyDlGmd0=
    dependencies:
      lru-cache "2"
      sigmund "~1.0.0"
  
  minimatch@0.x:
    version "0.4.0"
    resolved "https://registry.yarnpkg.com/minimatch/-/minimatch-0.4.0.tgz#bd2c7d060d2c8c8fd7cde7f1f2ed2d5b270fdb1b"
    integrity sha1-vSx9Bg0sjI/Xzefx8u0tWycP2xs=
    dependencies:
      lru-cache "2"
      sigmund "~1.0.0"
  
  minimatch@^3.0.4:
    version "3.0.4"
    resolved "https://registry.yarnpkg.com/minimatch/-/minimatch-3.0.4.tgz#5166e286457f03306064be5497e8dbb0c3d32083"
    integrity sha512-yJHVQEhyqPLUTgt9B83PXu6W3rx4MvvHvSUvToogpwoGDOUQ+yDrR0HRot+yOCdCO7u4hX3pWft6kWBBcqh0UA==
    dependencies:
      brace-expansion "^1.1.7"
  
  minimatch@~0.2.9:
    version "0.2.14"
    resolved "https://registry.yarnpkg.com/minimatch/-/minimatch-0.2.14.tgz#c74e780574f63c6f9a090e90efbe6ef53a6a756a"
    integrity sha1-x054BXT2PG+aCQ6Q775u9TpqdWo=
    dependencies:
      lru-cache "2"
      sigmund "~1.0.0"
  
  minimist@0.0.8:
    version "0.0.8"
    resolved "https://registry.yarnpkg.com/minimist/-/minimist-0.0.8.tgz#857fcabfc3397d2625b8228262e86aa7a011b05d"
    integrity sha1-hX/Kv8M5fSYluCKCYuhqp6ARsF0=
  
  minimist@~0.0.1:
    version "0.0.10"
    resolved "https://registry.yarnpkg.com/minimist/-/minimist-0.0.10.tgz#de3f98543dbf96082be48ad1a0c7cda836301dcf"
    integrity sha1-3j+YVD2/lggr5IrRoMfNqDYwHc8=
  
  mkdirp@0.3.x:
    version "0.3.5"
    resolved "https://registry.yarnpkg.com/mkdirp/-/mkdirp-0.3.5.tgz#de3e5f8961c88c787ee1368df849ac4413eca8d7"
    integrity sha1-3j5fiWHIjHh+4TaN+EmsRBPsqNc=
  
  mkdirp@^0.5.1:
    version "0.5.1"
    resolved "https://registry.yarnpkg.com/mkdirp/-/mkdirp-0.5.1.tgz#30057438eac6cf7f8c4767f38648d6697d75c903"
    integrity sha1-MAV0OOrGz3+MR2fzhkjWaX11yQM=
    dependencies:
      minimist "0.0.8"
  
  ms@^2.1.1:
    version "2.1.1"
    resolved "https://registry.yarnpkg.com/ms/-/ms-2.1.1.tgz#30a5864eb3ebb0a66f2ebe6d727af06a09d86e0a"
    integrity sha512-tgp+dl5cGk28utYktBsrFqA7HKgrhgPsg6Z/EfhWI4gl1Hwq8B/GmY/0oXZ6nF8hDVesS/FpnYaD/kOWhYQvyg==
  
  mustache@~0.7.2:
    version "0.7.3"
    resolved "https://registry.yarnpkg.com/mustache/-/mustache-0.7.3.tgz#248d68d0b1050397848fa634c2446c18f30490e9"
    integrity sha1-JI1o0LEFA5eEj6Y0wkRsGPMEkOk=
  
  neat@^1.2.2:
    version "1.2.2"
    resolved "https://registry.yarnpkg.com/neat/-/neat-1.2.2.tgz#7f2cfecf4826424c441e7bb68accd347cbfaa6d0"
    integrity sha1-fyz+z0gmQkxEHnu2iszTR8v6ptA=
    dependencies:
      coffee-script "~1.6.2"
      coffeelint "~0.5.4"
      colors "~0.6.0-1 "
      commander "~1.1.1"
      docco "git://github.com/abe33/docco.git#feature-exports"
      glob "~3.2.1"
      growly "~1.1.1"
      haml-coffee "~1.11.1"
      highlight.js "git://github.com/abe33/highlight.js.git#node_build"
      jasmine-node "git://github.com/abe33/jasmine-node.git#feature_multiple_paths_args"
      js-yaml "2.0.5"
      marked "~0.2.8"
      mustache "~0.7.2"
      notify-send "~0.1.2"
      q "0.9.3"
      stylus "~0.32.1"
      uglify-js "~2.3.0"
  
  notify-send@~0.1.2:
    version "0.1.2"
    resolved "https://registry.yarnpkg.com/notify-send/-/notify-send-0.1.2.tgz#23c197bb1ea34805d6d9a77e61b40fd76e1bb80a"
    integrity sha1-I8GXux6jSAXW2ad+YbQP124buAo=
  
  once@^1.3.0:
    version "1.4.0"
    resolved "https://registry.yarnpkg.com/once/-/once-1.4.0.tgz#583b1aa775961d4b113ac17d9c50baef9dd76bd1"
    integrity sha1-WDsap3WWHUsROsF9nFC6753Xa9E=
    dependencies:
      wrappy "1"
  
  optimist@>=0.2.8:
    version "0.6.1"
    resolved "https://registry.yarnpkg.com/optimist/-/optimist-0.6.1.tgz#da3ea74686fa21a19a111c326e90eb15a0196686"
    integrity sha1-2j6nRob6IaGaERwybpDrFaAZZoY=
    dependencies:
      minimist "~0.0.1"
      wordwrap "~0.0.2"
  
  optimist@~0.3.5:
    version "0.3.7"
    resolved "https://registry.yarnpkg.com/optimist/-/optimist-0.3.7.tgz#c90941ad59e4273328923074d2cf2e7cbc6ec0d9"
    integrity sha1-yQlBrVnkJzMokjB00s8ufLxuwNk=
    dependencies:
      wordwrap "~0.0.2"
  
  optimist@~0.5.2:
    version "0.5.2"
    resolved "https://registry.yarnpkg.com/optimist/-/optimist-0.5.2.tgz#85c8c1454b3315e4a78947e857b1df033450bfbc"
    integrity sha1-hcjBRUszFeSniUfoV7HfAzRQv7w=
    dependencies:
      wordwrap "~0.0.2"
  
  path-is-absolute@^1.0.0:
    version "1.0.1"
    resolved "https://registry.yarnpkg.com/path-is-absolute/-/path-is-absolute-1.0.1.tgz#174b9268735534ffbc7ace6bf53a5a9e1b5c5f5f"
    integrity sha1-F0uSaHNVNP+8es5r9TpanhtcX18=
  
  q@0.9.3:
    version "0.9.3"
    resolved "https://registry.yarnpkg.com/q/-/q-0.9.3.tgz#404eabbad0d031ed35fcb53f7c5bc06283b4e74c"
    integrity sha1-QE6rutDQMe01/LU/fFvAYoO050w=
  
  requirejs@>=0.27.1:
    version "2.3.6"
    resolved "https://registry.yarnpkg.com/requirejs/-/requirejs-2.3.6.tgz#e5093d9601c2829251258c0b9445d4d19fa9e7c9"
    integrity sha512-ipEzlWQe6RK3jkzikgCupiTbTvm4S0/CAU5GlgptkN5SO6F3u0UD0K18wy6ErDqiCyP4J4YYe1HuAShvsxePLg==
  
  sigmund@~1.0.0:
    version "1.0.1"
    resolved "https://registry.yarnpkg.com/sigmund/-/sigmund-1.0.1.tgz#3ff21f198cad2175f9f3b781853fd94d0d19b590"
    integrity sha1-P/IfGYytIXX587eBhT/ZTQ0ZtZA=
  
  source-map@~0.1.7:
    version "0.1.43"
    resolved "https://registry.yarnpkg.com/source-map/-/source-map-0.1.43.tgz#c24bc146ca517c1471f5dacbe2571b2b7f9e3346"
    integrity sha1-wkvBRspRfBRx9drL4lcbK3+eM0Y=
    dependencies:
      amdefine ">=0.0.4"
  
  stylus@~0.32.1:
    version "0.32.1"
    resolved "https://registry.yarnpkg.com/stylus/-/stylus-0.32.1.tgz#3d28275bd9f181085f8dd0fa52a8559696978212"
    integrity sha1-PSgnW9nxgQhfjdD6UqhVlpaXghI=
    dependencies:
      cssom "0.2.x"
      debug "*"
      mkdirp "0.3.x"
  
  uglify-js@~2.3.0:
    version "2.3.6"
    resolved "https://registry.yarnpkg.com/uglify-js/-/uglify-js-2.3.6.tgz#fa0984770b428b7a9b2a8058f46355d14fef211a"
    integrity sha1-+gmEdwtCi3qbKoBY9GNV0U/vIRo=
    dependencies:
      async "~0.2.6"
      optimist "~0.3.5"
      source-map "~0.1.7"
  
  underscore.string@~2.4.0:
    version "2.4.0"
    resolved "https://registry.yarnpkg.com/underscore.string/-/underscore.string-2.4.0.tgz#8cdd8fbac4e2d2ea1e7e2e8097c42f442280f85b"
    integrity sha1-jN2PusTi0uoefi6Al8QvRCKA+Fs=
  
  "underscore@>= 1.3.1":
    version "1.9.1"
    resolved "https://registry.yarnpkg.com/underscore/-/underscore-1.9.1.tgz#06dce34a0e68a7babc29b365b8e74b8925203961"
    integrity sha512-5/4etnCkd9c8gwgowi5/om/mYO5ajCaOgdzj/oW+0eQV9WxKBDZw5+ycmKmeaTXjInS/W0BzpGLo2xR2aBwZdg==
  
  underscore@~1.7.0:
    version "1.7.0"
    resolved "https://registry.yarnpkg.com/underscore/-/underscore-1.7.0.tgz#6bbaf0877500d36be34ecaa584e0db9fef035209"
    integrity sha1-a7rwh3UA02vjTsqlhODbn+8DUgk=
  
  "walkdir@>= 0.0.1":
    version "0.3.2"
    resolved "https://registry.yarnpkg.com/walkdir/-/walkdir-0.3.2.tgz#ac8437a288c295656848ebc19981ebc677a5f590"
    integrity sha512-0Twghia4Z5wDGDYWURlhZmI47GvERMCsXIu0QZWVVZyW9ZjpbbZvD9Zy9M6cWiQQRRbAcYajIyKNavaZZDt1Uw==
  
  walkdir@~0.0.7:
    version "0.0.12"
    resolved "https://registry.yarnpkg.com/walkdir/-/walkdir-0.0.12.tgz#2f24f1ade64aab1e458591d4442c8868356e9281"
    integrity sha512-HFhaD4mMWPzFSqhpyDG48KDdrjfn409YQuVW7ckZYhW4sE87mYtWifdB/+73RA7+p4s4K18n5Jfx1kHthE1gBw==
  
  wordwrap@~0.0.2:
    version "0.0.3"
    resolved "https://registry.yarnpkg.com/wordwrap/-/wordwrap-0.0.3.tgz#a3d5da6cd5c0bc0008d37234bbaf1bed63059107"
    integrity sha1-o9XabNXAvAAI03I0u68b7WMFkQc=
  
  wrappy@1:
    version "1.0.2"
    resolved "https://registry.yarnpkg.com/wrappy/-/wrappy-1.0.2.tgz#b5243d8f3ec1aa35f1364605bc0d1036e30ab69f"
    integrity sha1-tSQ9jz7BqjXxNkYFvA0QNuMKtp8=
  
  xmldom@^0.1.22:
    version "0.1.27"
    resolved "https://registry.yarnpkg.com/xmldom/-/xmldom-0.1.27.tgz#d501f97b3bdb403af8ef9ecc20573187aadac0e9"
    integrity sha1-1QH5ezvbQDr4757MIFcxh6rawOk=
